<?xml version="1.0" encoding="UTF-8"?>
<!-- Generated by org.testng.reporters.JUnitReportReporter -->
<testsuite hostname="nature-PC" name="com.boc.zhongyinyishangTest.Testhomepage" tests="1" failures="0" timestamp="16 Aug 2015 06:52:30 GMT" time="3.525" errors="0">
  <testcase name="home" time="3.525" classname="com.boc.zhongyinyishangTest.Testhomepage"/>
</testsuite> <!-- com.boc.zhongyinyishangTest.Testhomepage -->
